2017-04-04 16:07:39,242 - [INFO] - from org.nd4j.linalg.factory.Nd4jBackend in main
                
Loaded [CpuBackend] backend

2017-04-04 16:07:39,333 - [INFO] - from org.nd4j.nativeblas.NativeOpsHolder in main
                
Number of threads used for NativeOps: 4

2017-04-04 16:07:40,110 - [INFO] - from org.nd4j.nativeblas.Nd4jBlas in main
                
Number of threads used for BLAS: 4

2017-04-04 16:07:40,111 - [INFO] - from org.nd4j.linalg.api.ops.executioner.DefaultOpExecutioner in main
                
Backend used: [CPU]; OS: [Windows 10]

2017-04-04 16:07:40,112 - [INFO] - from org.nd4j.linalg.api.ops.executioner.DefaultOpExecutioner in main
                
Cores: [4]; Memory: [3.5GB];

2017-04-04 16:07:40,112 - [INFO] - from org.nd4j.linalg.api.ops.executioner.DefaultOpExecutioner in main
                
Blas vendor: [MKL]

2017-04-04 16:07:43,455 - [INFO] - from org.deeplearning4j.optimize.listeners.ScoreIterationListener in main
                
Score at iteration 0 is 0.6082896423339844

2017-04-04 16:07:43,518 - [INFO] - from org.deeplearning4j.optimize.listeners.ScoreIterationListener in main
                
Score at iteration 10 is 0.5995052337646485

2017-04-04 16:07:43,569 - [INFO] - from org.deeplearning4j.optimize.listeners.ScoreIterationListener in main
                
Score at iteration 20 is 0.532717056274414

2017-04-04 16:07:43,606 - [INFO] - from org.deeplearning4j.optimize.listeners.ScoreIterationListener in main
                
Score at iteration 30 is 0.4915447235107422

2017-04-04 16:07:43,641 - [INFO] - from org.deeplearning4j.optimize.listeners.ScoreIterationListener in main
                
Score at iteration 40 is 0.4098918914794922

2017-04-04 16:07:43,694 - [INFO] - from org.deeplearning4j.optimize.listeners.ScoreIterationListener in main
                
Score at iteration 50 is 0.36528835296630857

2017-04-04 16:07:43,732 - [INFO] - from org.deeplearning4j.optimize.listeners.ScoreIterationListener in main
                
Score at iteration 60 is 0.31213142395019533

2017-04-04 16:07:43,760 - [INFO] - from org.deeplearning4j.optimize.listeners.ScoreIterationListener in main
                
Score at iteration 70 is 0.27221691131591796

2017-04-04 16:07:43,791 - [INFO] - from org.deeplearning4j.optimize.listeners.ScoreIterationListener in main
                
Score at iteration 80 is 0.23597877502441406

2017-04-04 16:07:43,836 - [INFO] - from org.deeplearning4j.optimize.listeners.ScoreIterationListener in main
                
Score at iteration 90 is 0.20149578094482423

2017-04-04 16:07:43,864 - [INFO] - from org.deeplearning4j.optimize.listeners.ScoreIterationListener in main
                
Score at iteration 100 is 0.1811385726928711

2017-04-04 16:07:43,891 - [INFO] - from org.deeplearning4j.optimize.listeners.ScoreIterationListener in main
                
Score at iteration 110 is 0.15265092849731446

2017-04-04 16:07:43,930 - [INFO] - from org.deeplearning4j.optimize.listeners.ScoreIterationListener in main
                
Score at iteration 120 is 0.14308465957641603

2017-04-04 16:07:43,959 - [INFO] - from org.deeplearning4j.optimize.listeners.ScoreIterationListener in main
                
Score at iteration 130 is 0.11942222595214844

2017-04-04 16:07:43,985 - [INFO] - from org.deeplearning4j.optimize.listeners.ScoreIterationListener in main
                
Score at iteration 140 is 0.11697152137756348

2017-04-04 16:07:44,006 - [INFO] - from org.deeplearning4j.optimize.listeners.ScoreIterationListener in main
                
Score at iteration 150 is 0.0963267993927002

2017-04-04 16:07:44,027 - [INFO] - from org.deeplearning4j.optimize.listeners.ScoreIterationListener in main
                
Score at iteration 160 is 0.09832912445068359

2017-04-04 16:07:44,047 - [INFO] - from org.deeplearning4j.optimize.listeners.ScoreIterationListener in main
                
Score at iteration 170 is 0.07987699508666993

2017-04-04 16:07:44,068 - [INFO] - from org.deeplearning4j.optimize.listeners.ScoreIterationListener in main
                
Score at iteration 180 is 0.08460062980651856

2017-04-04 16:07:44,088 - [INFO] - from org.deeplearning4j.optimize.listeners.ScoreIterationListener in main
                
Score at iteration 190 is 0.06777797222137451

2017-04-04 16:07:44,112 - [INFO] - from org.deeplearning4j.optimize.listeners.ScoreIterationListener in main
                
Score at iteration 200 is 0.07420117855072021

2017-04-04 16:07:44,133 - [INFO] - from org.deeplearning4j.optimize.listeners.ScoreIterationListener in main
                
Score at iteration 210 is 0.05861215591430664

2017-04-04 16:07:44,157 - [INFO] - from org.deeplearning4j.optimize.listeners.ScoreIterationListener in main
                
Score at iteration 220 is 0.06606190681457519

2017-04-04 16:07:44,177 - [INFO] - from org.deeplearning4j.optimize.listeners.ScoreIterationListener in main
                
Score at iteration 230 is 0.05148664951324463

2017-04-04 16:07:44,200 - [INFO] - from org.deeplearning4j.optimize.listeners.ScoreIterationListener in main
                
Score at iteration 240 is 0.059529895782470706

2017-04-04 16:07:44,222 - [INFO] - from org.deeplearning4j.optimize.listeners.ScoreIterationListener in main
                
Score at iteration 250 is 0.04582458019256592

2017-04-04 16:07:44,244 - [INFO] - from org.deeplearning4j.optimize.listeners.ScoreIterationListener in main
                
Score at iteration 260 is 0.05419307708740234

2017-04-04 16:07:44,264 - [INFO] - from org.deeplearning4j.optimize.listeners.ScoreIterationListener in main
                
Score at iteration 270 is 0.04123851299285888

2017-04-04 16:07:44,284 - [INFO] - from org.deeplearning4j.optimize.listeners.ScoreIterationListener in main
                
Score at iteration 280 is 0.049753155708312985

2017-04-04 16:07:44,302 - [INFO] - from org.deeplearning4j.optimize.listeners.ScoreIterationListener in main
                
Score at iteration 290 is 0.03746025800704956

2017-04-04 16:07:44,323 - [INFO] - from org.deeplearning4j.optimize.listeners.ScoreIterationListener in main
                
Score at iteration 300 is 0.045998764038085935

2017-04-04 16:07:44,344 - [INFO] - from org.deeplearning4j.optimize.listeners.ScoreIterationListener in main
                
Score at iteration 310 is 0.034301211833953855

2017-04-04 16:07:44,371 - [INFO] - from org.deeplearning4j.optimize.listeners.ScoreIterationListener in main
                
Score at iteration 320 is 0.04278419017791748

2017-04-04 16:07:44,395 - [INFO] - from org.deeplearning4j.optimize.listeners.ScoreIterationListener in main
                
Score at iteration 330 is 0.031626377105712894

2017-04-04 16:07:44,426 - [INFO] - from org.deeplearning4j.optimize.listeners.ScoreIterationListener in main
                
Score at iteration 340 is 0.03999402046203613

2017-04-04 16:07:44,448 - [INFO] - from org.deeplearning4j.optimize.listeners.ScoreIterationListener in main
                
Score at iteration 350 is 0.029338605403900146

2017-04-04 16:07:44,472 - [INFO] - from org.deeplearning4j.optimize.listeners.ScoreIterationListener in main
                
Score at iteration 360 is 0.03755577087402344

2017-04-04 16:07:44,493 - [INFO] - from org.deeplearning4j.optimize.listeners.ScoreIterationListener in main
                
Score at iteration 370 is 0.027361009120941162

2017-04-04 16:07:44,516 - [INFO] - from org.deeplearning4j.optimize.listeners.ScoreIterationListener in main
                
Score at iteration 380 is 0.03540900230407715

2017-04-04 16:07:44,562 - [INFO] - from org.deeplearning4j.optimize.listeners.ScoreIterationListener in main
                
Score at iteration 390 is 0.02563765048980713

2017-04-04 16:07:44,584 - [INFO] - from org.deeplearning4j.optimize.listeners.ScoreIterationListener in main
                
Score at iteration 400 is 0.03350001335144043

2017-04-04 16:07:44,606 - [INFO] - from org.deeplearning4j.optimize.listeners.ScoreIterationListener in main
                
Score at iteration 410 is 0.02412416934967041

2017-04-04 16:07:44,629 - [INFO] - from org.deeplearning4j.optimize.listeners.ScoreIterationListener in main
                
Score at iteration 420 is 0.03178948879241943

2017-04-04 16:07:44,649 - [INFO] - from org.deeplearning4j.optimize.listeners.ScoreIterationListener in main
                
Score at iteration 430 is 0.022785227298736572

2017-04-04 16:07:44,672 - [INFO] - from org.deeplearning4j.optimize.listeners.ScoreIterationListener in main
                
Score at iteration 440 is 0.0302510929107666

2017-04-04 16:07:44,692 - [INFO] - from org.deeplearning4j.optimize.listeners.ScoreIterationListener in main
                
Score at iteration 450 is 0.02159311294555664

2017-04-04 16:07:44,711 - [INFO] - from org.deeplearning4j.optimize.listeners.ScoreIterationListener in main
                
Score at iteration 460 is 0.028860745429992677

2017-04-04 16:07:44,730 - [INFO] - from org.deeplearning4j.optimize.listeners.ScoreIterationListener in main
                
Score at iteration 470 is 0.020525622367858886

2017-04-04 16:07:44,751 - [INFO] - from org.deeplearning4j.optimize.listeners.ScoreIterationListener in main
                
Score at iteration 480 is 0.02759704113006592

2017-04-04 16:07:44,771 - [INFO] - from org.deeplearning4j.optimize.listeners.ScoreIterationListener in main
                
Score at iteration 490 is 0.019565422534942627

2017-04-04 16:07:44,792 - [INFO] - from org.deeplearning4j.optimize.listeners.ScoreIterationListener in main
                
Score at iteration 500 is 0.026442058086395263

2017-04-04 16:07:44,812 - [INFO] - from org.deeplearning4j.optimize.listeners.ScoreIterationListener in main
                
Score at iteration 510 is 0.018697501420974733

2017-04-04 16:07:44,834 - [INFO] - from org.deeplearning4j.optimize.listeners.ScoreIterationListener in main
                
Score at iteration 520 is 0.02538407802581787

2017-04-04 16:07:44,852 - [INFO] - from org.deeplearning4j.optimize.listeners.ScoreIterationListener in main
                
Score at iteration 530 is 0.017908960580825806

2017-04-04 16:07:44,872 - [INFO] - from org.deeplearning4j.optimize.listeners.ScoreIterationListener in main
                
Score at iteration 540 is 0.02441007137298584

2017-04-04 16:07:44,890 - [INFO] - from org.deeplearning4j.optimize.listeners.ScoreIterationListener in main
                
Score at iteration 550 is 0.017188981771469117

2017-04-04 16:07:44,909 - [INFO] - from org.deeplearning4j.optimize.listeners.ScoreIterationListener in main
                
Score at iteration 560 is 0.023509657382965087

2017-04-04 16:07:44,927 - [INFO] - from org.deeplearning4j.optimize.listeners.ScoreIterationListener in main
                
Score at iteration 570 is 0.016529141664505004

2017-04-04 16:07:44,946 - [INFO] - from org.deeplearning4j.optimize.listeners.ScoreIterationListener in main
                
Score at iteration 580 is 0.022675023078918458

2017-04-04 16:07:44,964 - [INFO] - from org.deeplearning4j.optimize.listeners.ScoreIterationListener in main
                
Score at iteration 590 is 0.015922476053237915

